#
# There is insufficient memory for the Java Runtime Environment to continue.
# Native memory allocation (malloc) failed to allocate 1424032 bytes. Error detail: Chunk::new
# Possible reasons:
#   The system is out of physical RAM or swap space
#   This process is running with CompressedOops enabled, and the Java Heap may be blocking the growth of the native heap
# Possible solutions:
#   Reduce memory load on the system
#   Increase physical memory or swap space
#   Check if swap backing store is full
#   Decrease Java heap size (-Xmx/-Xms)
#   Decrease number of Java threads
#   Decrease Java thread stack sizes (-Xss)
#   Set larger code cache with -XX:ReservedCodeCacheSize=
#   JVM is running with Unscaled Compressed Oops mode in which the Java heap is
#     placed in the first 4GB address space. The Java Heap base address is the
#     maximum limit for the native heap growth. Please use -XX:HeapBaseMinAddress
#     to set the Java Heap base and to place the Java Heap above 4GB virtual address.
# This output file may be truncated or incomplete.
#
#  Out of Memory Error (arena.cpp:149), pid=16080, tid=11488
#
# JRE version: Java(TM) SE Runtime Environment (23.0+37) (build 23+37-2369)
# Java VM: Java HotSpot(TM) 64-Bit Server VM (23+37-2369, mixed mode, sharing, tiered, compressed oops, compressed class ptrs, g1 gc, windows-amd64)
# No core dump will be written. Minidumps are not enabled by default on client versions of Windows
#

---------------  S U M M A R Y ------------

Command Line: -Dprism.order=d3d -Dprism.text=t2k -Dprism.vsync=false -javaagent:C:\Program Files\JetBrains\IntelliJ IDEA 2024.2.2\lib\idea_rt.jar=50929:C:\Program Files\JetBrains\IntelliJ IDEA 2024.2.2\bin -Dfile.encoding=UTF-8 -Dsun.stdout.encoding=UTF-8 -Dsun.stderr.encoding=UTF-8 --module-path=C:\Users\Quang\.m2\repository\com\itextpdf\itextpdf\5.5.13.3\itextpdf-5.5.13.3.jar;C:\Users\Quang\.m2\repository\com\mysql\mysql-connector-j\8.0.33\mysql-connector-j-8.0.33.jar;C:\Users\Quang\.m2\repository\com\google\errorprone\error_prone_annotations\2.36.0\error_prone_annotations-2.36.0.jar;C:\Users\Quang\.m2\repository\com\google\code\gson\gson\2.12.1\gson-2.12.1.jar;C:\Users\Quang\.m2\repository\org\openjfx\javafx-controls\17.0.6\javafx-controls-17.0.6-win.jar;C:\Users\Quang\.m2\repository\org\openjfx\javafx-base\17.0.6\javafx-base-17.0.6-win.jar;C:\Users\Quang\.m2\repository\de\mkammerer\argon2-jvm-nolibs\2.12\argon2-jvm-nolibs-2.12.jar;C:\Users\Quang\.m2\repository\io\github\cdimascio\dotenv-java\3.2.0\dotenv-java-3.2.0.jar;C:\Users\Quang\.m2\repository\org\openjfx\javafx-graphics\17.0.6\javafx-graphics-17.0.6-win.jar;C:\Users\Quang\.m2\repository\net\java\dev\jna\jna\5.17.0\jna-5.17.0.jar;C:\Users\Quang\Downloads\QuanLyBanHang\target\classes;C:\Users\Quang\.m2\repository\org\openjfx\javafx-fxml\17.0.6\javafx-fxml-17.0.6-win.jar -Djdk.module.main=org.example.dientu99 org.example.dientu99/org.example.dientu99.main.Main

Host: 11th Gen Intel(R) Core(TM) i5-1135G7 @ 2.40GHz, 8 cores, 7G,  Windows 11 , 64 bit Build 26100 (10.0.26100.3775)
Time: Thu Apr 24 09:30:22 2025 SE Asia Standard Time elapsed time: 4.025129 seconds (0d 0h 0m 4s)

---------------  T H R E A D  ---------------

Current thread (0x0000025f290b3a60):  JavaThread "C2 CompilerThread0" daemon [_thread_in_native, id=11488, stack(0x000000c46aa00000,0x000000c46ab00000) (1024K)]


Current CompileTask:
C2:4025 2451       4       java.lang.invoke.MethodType::methodType (69 bytes)

Stack: [0x000000c46aa00000,0x000000c46ab00000]
Native frames: (J=compiled Java code, j=interpreted, Vv=VM code, C=native code)
V  [jvm.dll+0x6e08a9]  (no source info available)
V  [jvm.dll+0x87da63]  (no source info available)
V  [jvm.dll+0x87feee]  (no source info available)
V  [jvm.dll+0x8805c3]  (no source info available)
V  [jvm.dll+0x27aee6]  (no source info available)
V  [jvm.dll+0xbc06f]  (no source info available)
V  [jvm.dll+0xbc2cb]  (no source info available)
V  [jvm.dll+0x3b3a9c]  (no source info available)
V  [jvm.dll+0x1dc19c]  (no source info available)
V  [jvm.dll+0x244be5]  (no source info available)
V  [jvm.dll+0x243dff]  (no source info available)
V  [jvm.dll+0x1c33a0]  (no source info available)
V  [jvm.dll+0x253cf1]  (no source info available)
V  [jvm.dll+0x251faa]  (no source info available)
V  [jvm.dll+0x3ee036]  (no source info available)
V  [jvm.dll+0x824f1b]  (no source info available)
V  [jvm.dll+0x6df055]  (no source info available)
C  [ucrtbase.dll+0x37b0]  (no source info available)
C  [KERNEL32.DLL+0x2e8d7]  (no source info available)
C  [ntdll.dll+0xb14fc]  (no source info available)

Lock stack of current Java thread (top to bottom):


---------------  P R O C E S S  ---------------

Threads class SMR info:
_java_thread_list=0x0000025f76234a00, length=25, elements={
0x0000025f0a238ad0, 0x0000025f290a8d10, 0x0000025f290aa490, 0x0000025f290ae620,
0x0000025f290b0540, 0x0000025f290b1550, 0x0000025f290b1fb0, 0x0000025f290b3a60,
0x0000025f290b8bc0, 0x0000025f291e6800, 0x0000025f2972c170, 0x0000025f2972c7e0,
0x0000025f6f607850, 0x0000025f29ab2300, 0x0000025f6f555850, 0x0000025f6f37ad50,
0x0000025f6f6e00a0, 0x0000025f6f74b620, 0x0000025f6f77fa70, 0x0000025f6f795690,
0x0000025f6f792210, 0x0000025f70029560, 0x0000025f7567e930, 0x0000025f6f7928a0,
0x0000025f6f7935c0
}

Java Threads: ( => current thread )
  0x0000025f0a238ad0 JavaThread "main"                              [_thread_blocked, id=16172, stack(0x000000c469c00000,0x000000c469d00000) (1024K)]
  0x0000025f290a8d10 JavaThread "Reference Handler"          daemon [_thread_blocked, id=11508, stack(0x000000c46a400000,0x000000c46a500000) (1024K)]
  0x0000025f290aa490 JavaThread "Finalizer"                  daemon [_thread_blocked, id=16460, stack(0x000000c46a500000,0x000000c46a600000) (1024K)]
  0x0000025f290ae620 JavaThread "Signal Dispatcher"          daemon [_thread_blocked, id=8676, stack(0x000000c46a600000,0x000000c46a700000) (1024K)]
  0x0000025f290b0540 JavaThread "Attach Listener"            daemon [_thread_blocked, id=16196, stack(0x000000c46a700000,0x000000c46a800000) (1024K)]
  0x0000025f290b1550 JavaThread "Service Thread"             daemon [_thread_blocked, id=7056, stack(0x000000c46a800000,0x000000c46a900000) (1024K)]
  0x0000025f290b1fb0 JavaThread "Monitor Deflation Thread"   daemon [_thread_blocked, id=7008, stack(0x000000c46a900000,0x000000c46aa00000) (1024K)]
=>0x0000025f290b3a60 JavaThread "C2 CompilerThread0"         daemon [_thread_in_native, id=11488, stack(0x000000c46aa00000,0x000000c46ab00000) (1024K)]
  0x0000025f290b8bc0 JavaThread "C1 CompilerThread0"         daemon [_thread_blocked, id=18236, stack(0x000000c46ab00000,0x000000c46ac00000) (1024K)]
  0x0000025f291e6800 JavaThread "Common-Cleaner"             daemon [_thread_blocked, id=9140, stack(0x000000c46ac00000,0x000000c46ad00000) (1024K)]
  0x0000025f2972c170 JavaThread "Monitor Ctrl-Break"         daemon [_thread_in_native, id=15908, stack(0x000000c46af00000,0x000000c46b000000) (1024K)]
  0x0000025f2972c7e0 JavaThread "Notification Thread"        daemon [_thread_blocked, id=4644, stack(0x000000c46b000000,0x000000c46b100000) (1024K)]
  0x0000025f6f607850 JavaThread "RMI TCP Accept-0"           daemon [_thread_in_native, id=2180, stack(0x000000c46b100000,0x000000c46b200000) (1024K)]
  0x0000025f29ab2300 JavaThread "RMI TCP Connection(1)-192.168.1.118" daemon [_thread_in_native, id=13628, stack(0x000000c46b900000,0x000000c46ba00000) (1024K)]
  0x0000025f6f555850 JavaThread "RMI Scheduler(0)"           daemon [_thread_blocked, id=7744, stack(0x000000c46ba00000,0x000000c46bb00000) (1024K)]
  0x0000025f6f37ad50 JavaThread "JMX server connection timeout 33" daemon [_thread_blocked, id=9932, stack(0x000000c46bb00000,0x000000c46bc00000) (1024K)]
  0x0000025f6f6e00a0 JavaThread "QuantumRenderer-0"          daemon [_thread_blocked, id=10568, stack(0x000000c46bc00000,0x000000c46bd00000) (1024K)]
  0x0000025f6f74b620 JavaThread "InvokeLaterDispatcher"      daemon [_thread_blocked, id=8668, stack(0x000000c46ad00000,0x000000c46ae00000) (1024K)]
  0x0000025f6f77fa70 JavaThread "JavaFX Application Thread"         [_thread_in_vm, id=17312, stack(0x000000c46ae00000,0x000000c46af00000) (1024K)]
  0x0000025f6f795690 JavaThread "JavaFX-Launcher"                   [_thread_blocked, id=4888, stack(0x000000c46c100000,0x000000c46c200000) (1024K)]
  0x0000025f6f792210 JavaThread "Thread-2"                   daemon [_thread_in_native, id=1420, stack(0x000000c46c000000,0x000000c46c100000) (1024K)]
  0x0000025f70029560 JavaThread "C2 CompilerThread1"         daemon [_thread_in_native, id=6728, stack(0x000000c46c200000,0x000000c46c300000) (1024K)]
  0x0000025f7567e930 JavaThread "C2 CompilerThread2"         daemon [_thread_blocked, id=16936, stack(0x000000c46c300000,0x000000c46c400000) (1024K)]
  0x0000025f6f7928a0 JavaThread "Prism Font Disposer"        daemon [_thread_blocked, id=13024, stack(0x000000c46c700000,0x000000c46c800000) (1024K)]
  0x0000025f6f7935c0 JavaThread "mysql-cj-abandoned-connection-cleanup" daemon [_thread_blocked, id=17668, stack(0x000000c46c800000,0x000000c46c900000) (1024K)]
Total: 25

Other Threads:
  0x0000025f2908ce60 VMThread "VM Thread"                           [id=17224, stack(0x000000c46a300000,0x000000c46a400000) (1024K)]
  0x0000025f290774a0 WatcherThread "VM Periodic Task Thread"        [id=1560, stack(0x000000c46a200000,0x000000c46a300000) (1024K)]
  0x0000025f0c4a9f30 WorkerThread "GC Thread#0"                     [id=17216, stack(0x000000c469d00000,0x000000c469e00000) (1024K)]
  0x0000025f6f350ec0 WorkerThread "GC Thread#1"                     [id=2912, stack(0x000000c46b200000,0x000000c46b300000) (1024K)]
  0x0000025f29bbd000 WorkerThread "GC Thread#2"                     [id=4092, stack(0x000000c46b300000,0x000000c46b400000) (1024K)]
  0x0000025f29bbf3c0 WorkerThread "GC Thread#3"                     [id=8008, stack(0x000000c46b400000,0x000000c46b500000) (1024K)]
  0x0000025f29bbf770 WorkerThread "GC Thread#4"                     [id=14472, stack(0x000000c46b500000,0x000000c46b600000) (1024K)]
  0x0000025f29bc0330 WorkerThread "GC Thread#5"                     [id=1548, stack(0x000000c46b600000,0x000000c46b700000) (1024K)]
  0x0000025f29bc06e0 WorkerThread "GC Thread#6"                     [id=9168, stack(0x000000c46b700000,0x000000c46b800000) (1024K)]
  0x0000025f29bc19a0 WorkerThread "GC Thread#7"                     [id=12228, stack(0x000000c46b800000,0x000000c46b900000) (1024K)]
  0x0000025f0c4bc530 ConcurrentGCThread "G1 Main Marker"            [id=15784, stack(0x000000c469e00000,0x000000c469f00000) (1024K)]
  0x0000025f0a2fdd80 WorkerThread "G1 Conc#0"                       [id=15976, stack(0x000000c469f00000,0x000000c46a000000) (1024K)]
  0x0000025f28f44180 ConcurrentGCThread "G1 Refine#0"               [id=2936, stack(0x000000c46a000000,0x000000c46a100000) (1024K)]
  0x0000025f28f449b0 ConcurrentGCThread "G1 Service"                [id=17648, stack(0x000000c46a100000,0x000000c46a200000) (1024K)]
Total: 14

Threads with active compile tasks:
C2 CompilerThread0  4116 2451       4       java.lang.invoke.MethodType::methodType (69 bytes)
C2 CompilerThread1  4116 2473       4       java.lang.invoke.MethodType::makeImpl (109 bytes)
Total: 2

VM state: not at safepoint (normal execution)

VM Mutex/Monitor currently owned by a thread: None

Heap address: 0x0000000084400000, size: 1980 MB, Compressed Oops mode: 32-bit

CDS archive(s) mapped at: [0x0000025f2a000000-0x0000025f2ad70000-0x0000025f2ad70000), size 14090240, SharedBaseAddress: 0x0000025f2a000000, ArchiveRelocationMode: 1.
Compressed class space mapped at: 0x0000025f2b000000-0x0000025f6b000000, reserved size: 1073741824
Narrow klass base: 0x0000025f2a000000, Narrow klass shift: 0, Narrow klass range: 0x41000000

GC Precious Log:
 CardTable entry size: 512
 Card Set container configuration: InlinePtr #cards 5 size 8 Array Of Cards #cards 10 size 36 Howl #buckets 4 coarsen threshold 1843 Howl Bitmap #cards 512 size 80 coarsen threshold 460 Card regions per heap region 1 cards per card region 2048
 CPUs: 8 total, 8 available
 Memory: 7915M
 Large Page Support: Disabled
 NUMA Support: Disabled
 Compressed Oops: Enabled (32-bit)
 Heap Region Size: 1M
 Heap Min Capacity: 8M
 Heap Initial Capacity: 124M
 Heap Max Capacity: 1980M
 Pre-touch: Disabled
 Parallel Workers: 8
 Concurrent Workers: 2
 Concurrent Refinement Workers: 8
 Periodic GC: Disabled

Heap:
 garbage-first heap   total reserved 2027520K, committed 126976K, used 52725K [0x0000000084400000, 0x0000000100000000)
  region size 1024K, 40 young (40960K), 3 survivors (3072K)
 Metaspace       used 20467K, committed 20992K, reserved 1114112K
  class space    used 2914K, committed 3136K, reserved 1048576K

Heap Regions: E=young(eden), S=young(survivor), O=old, HS=humongous(starts), HC=humongous(continues), CS=collection set, F=free, TAMS=top-at-mark-start, PB=parsable bottom
|   0|0x0000000084400000, 0x0000000084500000, 0x0000000084500000|100%| O|  |TAMS 0x0000000084400000| PB 0x0000000084400000| Untracked |  0
|   1|0x0000000084500000, 0x0000000084600000, 0x0000000084600000|100%| O|  |TAMS 0x0000000084500000| PB 0x0000000084500000| Untracked |  0
|   2|0x0000000084600000, 0x0000000084700000, 0x0000000084700000|100%|HS|  |TAMS 0x0000000084600000| PB 0x0000000084600000| Complete |  0
|   3|0x0000000084700000, 0x0000000084800000, 0x0000000084800000|100%|HC|  |TAMS 0x0000000084700000| PB 0x0000000084700000| Complete |  0
|   4|0x0000000084800000, 0x0000000084900000, 0x0000000084900000|100%|HC|  |TAMS 0x0000000084800000| PB 0x0000000084800000| Complete |  0
|   5|0x0000000084900000, 0x0000000084a00000, 0x0000000084a00000|100%|HC|  |TAMS 0x0000000084900000| PB 0x0000000084900000| Complete |  0
|   6|0x0000000084a00000, 0x0000000084b00000, 0x0000000084b00000|100%|HC|  |TAMS 0x0000000084a00000| PB 0x0000000084a00000| Complete |  0
|   7|0x0000000084b00000, 0x0000000084c00000, 0x0000000084c00000|100%| O|  |TAMS 0x0000000084b00000| PB 0x0000000084b00000| Untracked |  0
|   8|0x0000000084c00000, 0x0000000084d00000, 0x0000000084d00000|100%| O|  |TAMS 0x0000000084c00000| PB 0x0000000084c00000| Untracked |  0
|   9|0x0000000084d00000, 0x0000000084e00000, 0x0000000084e00000|100%| O|  |TAMS 0x0000000084d00000| PB 0x0000000084d00000| Untracked |  0
|  10|0x0000000084e00000, 0x0000000084f00000, 0x0000000084f00000|100%|HS|  |TAMS 0x0000000084e00000| PB 0x0000000084e00000| Complete |  0
|  11|0x0000000084f00000, 0x0000000085000000, 0x0000000085000000|100%|HC|  |TAMS 0x0000000084f00000| PB 0x0000000084f00000| Complete |  0
|  12|0x0000000085000000, 0x0000000085100000, 0x0000000085100000|100%|HS|  |TAMS 0x0000000085000000| PB 0x0000000085000000| Complete |  0
|  13|0x0000000085100000, 0x0000000085200000, 0x0000000085200000|100%|HC|  |TAMS 0x0000000085100000| PB 0x0000000085100000| Complete |  0
|  14|0x0000000085200000, 0x0000000085200000, 0x0000000085300000|  0%| F|  |TAMS 0x0000000085200000| PB 0x0000000085200000| Untracked |  0
|  15|0x0000000085300000, 0x0000000085300000, 0x0000000085400000|  0%| F|  |TAMS 0x0000000085300000| PB 0x0000000085300000| Untracked |  0
|  16|0x0000000085400000, 0x0000000085400000, 0x0000000085500000|  0%| F|  |TAMS 0x0000000085400000| PB 0x0000000085400000| Untracked |  0
|  17|0x0000000085500000, 0x0000000085500000, 0x0000000085600000|  0%| F|  |TAMS 0x0000000085500000| PB 0x0000000085500000| Untracked |  0
|  18|0x0000000085600000, 0x0000000085600000, 0x0000000085700000|  0%| F|  |TAMS 0x0000000085600000| PB 0x0000000085600000| Untracked |  0
|  19|0x0000000085700000, 0x0000000085700000, 0x0000000085800000|  0%| F|  |TAMS 0x0000000085700000| PB 0x0000000085700000| Untracked |  0
|  20|0x0000000085800000, 0x0000000085800000, 0x0000000085900000|  0%| F|  |TAMS 0x0000000085800000| PB 0x0000000085800000| Untracked |  0
|  21|0x0000000085900000, 0x0000000085900000, 0x0000000085a00000|  0%| F|  |TAMS 0x0000000085900000| PB 0x0000000085900000| Untracked |  0
|  22|0x0000000085a00000, 0x0000000085a00000, 0x0000000085b00000|  0%| F|  |TAMS 0x0000000085a00000| PB 0x0000000085a00000| Untracked |  0
|  23|0x0000000085b00000, 0x0000000085b00000, 0x0000000085c00000|  0%| F|  |TAMS 0x0000000085b00000| PB 0x0000000085b00000| Untracked |  0
|  24|0x0000000085c00000, 0x0000000085c00000, 0x0000000085d00000|  0%| F|  |TAMS 0x0000000085c00000| PB 0x0000000085c00000| Untracked |  0
|  25|0x0000000085d00000, 0x0000000085d00000, 0x0000000085e00000|  0%| F|  |TAMS 0x0000000085d00000| PB 0x0000000085d00000| Untracked |  0
|  26|0x0000000085e00000, 0x0000000085e00000, 0x0000000085f00000|  0%| F|  |TAMS 0x0000000085e00000| PB 0x0000000085e00000| Untracked |  0
|  27|0x0000000085f00000, 0x0000000085f00000, 0x0000000086000000|  0%| F|  |TAMS 0x0000000085f00000| PB 0x0000000085f00000| Untracked |  0
|  28|0x0000000086000000, 0x0000000086000000, 0x0000000086100000|  0%| F|  |TAMS 0x0000000086000000| PB 0x0000000086000000| Untracked |  0
|  29|0x0000000086100000, 0x0000000086100000, 0x0000000086200000|  0%| F|  |TAMS 0x0000000086100000| PB 0x0000000086100000| Untracked |  0
|  30|0x0000000086200000, 0x0000000086200000, 0x0000000086300000|  0%| F|  |TAMS 0x0000000086200000| PB 0x0000000086200000| Untracked |  0
|  31|0x0000000086300000, 0x0000000086300000, 0x0000000086400000|  0%| F|  |TAMS 0x0000000086300000| PB 0x0000000086300000| Untracked |  0
|  32|0x0000000086400000, 0x0000000086400000, 0x0000000086500000|  0%| F|  |TAMS 0x0000000086400000| PB 0x0000000086400000| Untracked |  0
|  33|0x0000000086500000, 0x0000000086500000, 0x0000000086600000|  0%| F|  |TAMS 0x0000000086500000| PB 0x0000000086500000| Untracked |  0
|  34|0x0000000086600000, 0x0000000086600000, 0x0000000086700000|  0%| F|  |TAMS 0x0000000086600000| PB 0x0000000086600000| Untracked |  0
|  35|0x0000000086700000, 0x0000000086700000, 0x0000000086800000|  0%| F|  |TAMS 0x0000000086700000| PB 0x0000000086700000| Untracked |  0
|  36|0x0000000086800000, 0x0000000086800000, 0x0000000086900000|  0%| F|  |TAMS 0x0000000086800000| PB 0x0000000086800000| Untracked |  0
|  37|0x0000000086900000, 0x0000000086900000, 0x0000000086a00000|  0%| F|  |TAMS 0x0000000086900000| PB 0x0000000086900000| Untracked |  0
|  38|0x0000000086a00000, 0x0000000086a00000, 0x0000000086b00000|  0%| F|  |TAMS 0x0000000086a00000| PB 0x0000000086a00000| Untracked |  0
|  39|0x0000000086b00000, 0x0000000086b00000, 0x0000000086c00000|  0%| F|  |TAMS 0x0000000086b00000| PB 0x0000000086b00000| Untracked |  0
|  40|0x0000000086c00000, 0x0000000086c00000, 0x0000000086d00000|  0%| F|  |TAMS 0x0000000086c00000| PB 0x0000000086c00000| Untracked |  0
|  41|0x0000000086d00000, 0x0000000086d00000, 0x0000000086e00000|  0%| F|  |TAMS 0x0000000086d00000| PB 0x0000000086d00000| Untracked |  0
|  42|0x0000000086e00000, 0x0000000086e00000, 0x0000000086f00000|  0%| F|  |TAMS 0x0000000086e00000| PB 0x0000000086e00000| Untracked |  0
|  43|0x0000000086f00000, 0x0000000086f00000, 0x0000000087000000|  0%| F|  |TAMS 0x0000000086f00000| PB 0x0000000086f00000| Untracked |  0
|  44|0x0000000087000000, 0x0000000087000000, 0x0000000087100000|  0%| F|  |TAMS 0x0000000087000000| PB 0x0000000087000000| Untracked |  0
|  45|0x0000000087100000, 0x0000000087100000, 0x0000000087200000|  0%| F|  |TAMS 0x0000000087100000| PB 0x0000000087100000| Untracked |  0
|  46|0x0000000087200000, 0x0000000087200000, 0x0000000087300000|  0%| F|  |TAMS 0x0000000087200000| PB 0x0000000087200000| Untracked |  0
|  47|0x0000000087300000, 0x0000000087300000, 0x0000000087400000|  0%| F|  |TAMS 0x0000000087300000| PB 0x0000000087300000| Untracked |  0
|  48|0x0000000087400000, 0x0000000087400000, 0x0000000087500000|  0%| F|  |TAMS 0x0000000087400000| PB 0x0000000087400000| Untracked |  0
|  49|0x0000000087500000, 0x0000000087500000, 0x0000000087600000|  0%| F|  |TAMS 0x0000000087500000| PB 0x0000000087500000| Untracked |  0
|  50|0x0000000087600000, 0x0000000087600000, 0x0000000087700000|  0%| F|  |TAMS 0x0000000087600000| PB 0x0000000087600000| Untracked |  0
|  51|0x0000000087700000, 0x0000000087700000, 0x0000000087800000|  0%| F|  |TAMS 0x0000000087700000| PB 0x0000000087700000| Untracked |  0
|  52|0x0000000087800000, 0x0000000087800000, 0x0000000087900000|  0%| F|  |TAMS 0x0000000087800000| PB 0x0000000087800000| Untracked |  0
|  53|0x0000000087900000, 0x0000000087900000, 0x0000000087a00000|  0%| F|  |TAMS 0x0000000087900000| PB 0x0000000087900000| Untracked |  0
|  54|0x0000000087a00000, 0x0000000087a00000, 0x0000000087b00000|  0%| F|  |TAMS 0x0000000087a00000| PB 0x0000000087a00000| Untracked |  0
|  55|0x0000000087b00000, 0x0000000087b00000, 0x0000000087c00000|  0%| F|  |TAMS 0x0000000087b00000| PB 0x0000000087b00000| Untracked |  0
|  56|0x0000000087c00000, 0x0000000087c00000, 0x0000000087d00000|  0%| F|  |TAMS 0x0000000087c00000| PB 0x0000000087c00000| Untracked |  0
|  57|0x0000000087d00000, 0x0000000087d00000, 0x0000000087e00000|  0%| F|  |TAMS 0x0000000087d00000| PB 0x0000000087d00000| Untracked |  0
|  58|0x0000000087e00000, 0x0000000087e00000, 0x0000000087f00000|  0%| F|  |TAMS 0x0000000087e00000| PB 0x0000000087e00000| Untracked |  0
|  59|0x0000000087f00000, 0x0000000087f00000, 0x0000000088000000|  0%| F|  |TAMS 0x0000000087f00000| PB 0x0000000087f00000| Untracked |  0
|  60|0x0000000088000000, 0x0000000088000000, 0x0000000088100000|  0%| F|  |TAMS 0x0000000088000000| PB 0x0000000088000000| Untracked |  0
|  61|0x0000000088100000, 0x0000000088100000, 0x0000000088200000|  0%| F|  |TAMS 0x0000000088100000| PB 0x0000000088100000| Untracked |  0
|  62|0x0000000088200000, 0x0000000088200000, 0x0000000088300000|  0%| F|  |TAMS 0x0000000088200000| PB 0x0000000088200000| Untracked |  0
|  63|0x0000000088300000, 0x0000000088300000, 0x0000000088400000|  0%| F|  |TAMS 0x0000000088300000| PB 0x0000000088300000| Untracked |  0
|  64|0x0000000088400000, 0x0000000088400000, 0x0000000088500000|  0%| F|  |TAMS 0x0000000088400000| PB 0x0000000088400000| Untracked |  0
|  65|0x0000000088500000, 0x0000000088500000, 0x0000000088600000|  0%| F|  |TAMS 0x0000000088500000| PB 0x0000000088500000| Untracked |  0
|  66|0x0000000088600000, 0x0000000088600000, 0x0000000088700000|  0%| F|  |TAMS 0x0000000088600000| PB 0x0000000088600000| Untracked |  0
|  67|0x0000000088700000, 0x0000000088700000, 0x0000000088800000|  0%| F|  |TAMS 0x0000000088700000| PB 0x0000000088700000| Untracked |  0
|  68|0x0000000088800000, 0x0000000088800000, 0x0000000088900000|  0%| F|  |TAMS 0x0000000088800000| PB 0x0000000088800000| Untracked |  0
|  69|0x0000000088900000, 0x0000000088900000, 0x0000000088a00000|  0%| F|  |TAMS 0x0000000088900000| PB 0x0000000088900000| Untracked |  0
|  70|0x0000000088a00000, 0x0000000088a00000, 0x0000000088b00000|  0%| F|  |TAMS 0x0000000088a00000| PB 0x0000000088a00000| Untracked |  0
|  71|0x0000000088b00000, 0x0000000088b00000, 0x0000000088c00000|  0%| F|  |TAMS 0x0000000088b00000| PB 0x0000000088b00000| Untracked |  0
|  72|0x0000000088c00000, 0x0000000088c00000, 0x0000000088d00000|  0%| F|  |TAMS 0x0000000088c00000| PB 0x0000000088c00000| Untracked |  0
|  73|0x0000000088d00000, 0x0000000088d00000, 0x0000000088e00000|  0%| F|  |TAMS 0x0000000088d00000| PB 0x0000000088d00000| Untracked |  0
|  74|0x0000000088e00000, 0x0000000088e00000, 0x0000000088f00000|  0%| F|  |TAMS 0x0000000088e00000| PB 0x0000000088e00000| Untracked |  0
|  75|0x0000000088f00000, 0x0000000088f00000, 0x0000000089000000|  0%| F|  |TAMS 0x0000000088f00000| PB 0x0000000088f00000| Untracked |  0
|  76|0x0000000089000000, 0x0000000089000000, 0x0000000089100000|  0%| F|  |TAMS 0x0000000089000000| PB 0x0000000089000000| Untracked |  0
|  77|0x0000000089100000, 0x0000000089100000, 0x0000000089200000|  0%| F|  |TAMS 0x0000000089100000| PB 0x0000000089100000| Untracked |  0
|  78|0x0000000089200000, 0x0000000089200000, 0x0000000089300000|  0%| F|  |TAMS 0x0000000089200000| PB 0x0000000089200000| Untracked |  0
|  79|0x0000000089300000, 0x0000000089300000, 0x0000000089400000|  0%| F|  |TAMS 0x0000000089300000| PB 0x0000000089300000| Untracked |  0
|  80|0x0000000089400000, 0x0000000089400000, 0x0000000089500000|  0%| F|  |TAMS 0x0000000089400000| PB 0x0000000089400000| Untracked |  0
|  81|0x0000000089500000, 0x0000000089500000, 0x0000000089600000|  0%| F|  |TAMS 0x0000000089500000| PB 0x0000000089500000| Untracked |  0
|  82|0x0000000089600000, 0x0000000089600000, 0x0000000089700000|  0%| F|  |TAMS 0x0000000089600000| PB 0x0000000089600000| Untracked |  0
|  83|0x0000000089700000, 0x0000000089700000, 0x0000000089800000|  0%| F|  |TAMS 0x0000000089700000| PB 0x0000000089700000| Untracked |  0
|  84|0x0000000089800000, 0x00000000898b8568, 0x0000000089900000| 72%| E|  |TAMS 0x0000000089800000| PB 0x0000000089800000| Complete |  0
|  85|0x0000000089900000, 0x0000000089a00000, 0x0000000089a00000|100%| E|CS|TAMS 0x0000000089900000| PB 0x0000000089900000| Complete |  0
|  86|0x0000000089a00000, 0x0000000089b00000, 0x0000000089b00000|100%| E|  |TAMS 0x0000000089a00000| PB 0x0000000089a00000| Complete |  0
|  87|0x0000000089b00000, 0x0000000089c00000, 0x0000000089c00000|100%| E|CS|TAMS 0x0000000089b00000| PB 0x0000000089b00000| Complete |  0
|  88|0x0000000089c00000, 0x0000000089d00000, 0x0000000089d00000|100%| E|CS|TAMS 0x0000000089c00000| PB 0x0000000089c00000| Complete |  0
|  89|0x0000000089d00000, 0x0000000089e00000, 0x0000000089e00000|100%| E|CS|TAMS 0x0000000089d00000| PB 0x0000000089d00000| Complete |  0
|  90|0x0000000089e00000, 0x0000000089f00000, 0x0000000089f00000|100%| E|CS|TAMS 0x0000000089e00000| PB 0x0000000089e00000| Complete |  0
|  91|0x0000000089f00000, 0x000000008a000000, 0x000000008a000000|100%| E|CS|TAMS 0x0000000089f00000| PB 0x0000000089f00000| Complete |  0
|  92|0x000000008a000000, 0x000000008a100000, 0x000000008a100000|100%| E|CS|TAMS 0x000000008a000000| PB 0x000000008a000000| Complete |  0
|  93|0x000000008a100000, 0x000000008a200000, 0x000000008a200000|100%| E|CS|TAMS 0x000000008a100000| PB 0x000000008a100000| Complete |  0
|  94|0x000000008a200000, 0x000000008a300000, 0x000000008a300000|100%| E|CS|TAMS 0x000000008a200000| PB 0x000000008a200000| Complete |  0
|  95|0x000000008a300000, 0x000000008a400000, 0x000000008a400000|100%| E|CS|TAMS 0x000000008a300000| PB 0x000000008a300000| Complete |  0
|  96|0x000000008a400000, 0x000000008a47d640, 0x000000008a500000| 48%| S|CS|TAMS 0x000000008a400000| PB 0x000000008a400000| Complete |  0
|  97|0x000000008a500000, 0x000000008a600000, 0x000000008a600000|100%| E|CS|TAMS 0x000000008a500000| PB 0x000000008a500000| Complete |  0
|  98|0x000000008a600000, 0x000000008a700000, 0x000000008a700000|100%| E|CS|TAMS 0x000000008a600000| PB 0x000000008a600000| Complete |  0
|  99|0x000000008a700000, 0x000000008a800000, 0x000000008a800000|100%| E|CS|TAMS 0x000000008a700000| PB 0x000000008a700000| Complete |  0
| 100|0x000000008a800000, 0x000000008a900000, 0x000000008a900000|100%| S|CS|TAMS 0x000000008a800000| PB 0x000000008a800000| Complete |  0
| 101|0x000000008a900000, 0x000000008aa00000, 0x000000008aa00000|100%| S|CS|TAMS 0x000000008a900000| PB 0x000000008a900000| Complete |  0
| 102|0x000000008aa00000, 0x000000008ab00000, 0x000000008ab00000|100%| E|CS|TAMS 0x000000008aa00000| PB 0x000000008aa00000| Complete |  0
| 103|0x000000008ab00000, 0x000000008ac00000, 0x000000008ac00000|100%| E|CS|TAMS 0x000000008ab00000| PB 0x000000008ab00000| Complete |  0
| 104|0x000000008ac00000, 0x000000008ad00000, 0x000000008ad00000|100%| E|CS|TAMS 0x000000008ac00000| PB 0x000000008ac00000| Complete |  0
| 105|0x000000008ad00000, 0x000000008ae00000, 0x000000008ae00000|100%| E|CS|TAMS 0x000000008ad00000| PB 0x000000008ad00000| Complete |  0
| 106|0x000000008ae00000, 0x000000008af00000, 0x000000008af00000|100%| E|CS|TAMS 0x000000008ae00000| PB 0x000000008ae00000| Complete |  0
| 107|0x000000008af00000, 0x000000008b000000, 0x000000008b000000|100%| E|CS|TAMS 0x000000008af00000| PB 0x000000008af00000| Complete |  0
| 108|0x000000008b000000, 0x000000008b100000, 0x000000008b100000|100%| E|CS|TAMS 0x000000008b000000| PB 0x000000008b000000| Complete |  0
| 109|0x000000008b100000, 0x000000008b200000, 0x000000008b200000|100%| E|CS|TAMS 0x000000008b100000| PB 0x000000008b100000| Complete |  0
| 110|0x000000008b200000, 0x000000008b300000, 0x000000008b300000|100%| E|CS|TAMS 0x000000008b200000| PB 0x000000008b200000| Complete |  0
| 111|0x000000008b300000, 0x000000008b400000, 0x000000008b400000|100%| E|CS|TAMS 0x000000008b300000| PB 0x000000008b300000| Complete |  0
| 112|0x000000008b400000, 0x000000008b500000, 0x000000008b500000|100%| E|CS|TAMS 0x000000008b400000| PB 0x000000008b400000| Complete |  0
| 113|0x000000008b500000, 0x000000008b600000, 0x000000008b600000|100%| E|CS|TAMS 0x000000008b500000| PB 0x000000008b500000| Complete |  0
| 114|0x000000008b600000, 0x000000008b700000, 0x000000008b700000|100%| E|CS|TAMS 0x000000008b600000| PB 0x000000008b600000| Complete |  0
| 115|0x000000008b700000, 0x000000008b800000, 0x000000008b800000|100%| E|CS|TAMS 0x000000008b700000| PB 0x000000008b700000| Complete |  0
| 116|0x000000008b800000, 0x000000008b900000, 0x000000008b900000|100%| E|CS|TAMS 0x000000008b800000| PB 0x000000008b800000| Complete |  0
| 117|0x000000008b900000, 0x000000008ba00000, 0x000000008ba00000|100%| E|CS|TAMS 0x000000008b900000| PB 0x000000008b900000| Complete |  0
| 118|0x000000008ba00000, 0x000000008bb00000, 0x000000008bb00000|100%| E|CS|TAMS 0x000000008ba00000| PB 0x000000008ba00000| Complete |  0
| 119|0x000000008bb00000, 0x000000008bc00000, 0x000000008bc00000|100%| E|CS|TAMS 0x000000008bb00000| PB 0x000000008bb00000| Complete |  0
| 120|0x000000008bc00000, 0x000000008bd00000, 0x000000008bd00000|100%| E|CS|TAMS 0x000000008bc00000| PB 0x000000008bc00000| Complete |  0
| 121|0x000000008bd00000, 0x000000008be00000, 0x000000008be00000|100%| E|CS|TAMS 0x000000008bd00000| PB 0x000000008bd00000| Complete |  0
| 122|0x000000008be00000, 0x000000008bf00000, 0x000000008bf00000|100%| E|CS|TAMS 0x000000008be00000| PB 0x000000008be00000| Complete |  0
| 123|0x000000008bf00000, 0x000000008c000000, 0x000000008c000000|100%| E|CS|TAMS 0x000000008bf00000| PB 0x000000008bf00000| Complete |  0

Card table byte_map: [0x0000025f243b0000,0x0000025f24790000] _byte_map_base: 0x0000025f23f8e000

Marking Bits: (CMBitMap*) 0x0000025f0c4aa550
 Bits: [0x0000025f24790000, 0x0000025f26680000)

Polling page: 0x0000025f0a430000

Metaspace:

Usage:
  Non-class:     17.19 MB used.
      Class:      2.86 MB used.
       Both:     20.05 MB used.

Virtual space:
  Non-class space:       64.00 MB reserved,      17.44 MB ( 27%) committed,  1 nodes.
      Class space:        1.00 GB reserved,       3.06 MB ( <1%) committed,  1 nodes.
             Both:        1.06 GB reserved,      20.50 MB (  2%) committed. 

Chunk freelists:
   Non-Class:  14.33 MB
       Class:  12.84 MB
        Both:  27.17 MB

MaxMetaspaceSize: unlimited
CompressedClassSpaceSize: 1.00 GB
Initial GC threshold: 21.00 MB
Current GC threshold: 21.00 MB
CDS: on
 - commit_granule_bytes: 65536.
 - commit_granule_words: 8192.
 - virtual_space_node_default_size: 8388608.
 - enlarge_chunks_in_place: 1.
 - use_allocation_guard: 0.


Internal statistics:

num_allocs_failed_limit: 0.
num_arena_births: 470.
num_arena_deaths: 0.
num_vsnodes_births: 2.
num_vsnodes_deaths: 0.
num_space_committed: 328.
num_space_uncommitted: 0.
num_chunks_returned_to_freelist: 0.
num_chunks_taken_from_freelist: 990.
num_chunk_merges: 0.
num_chunk_splits: 674.
num_chunks_enlarged: 453.
num_inconsistent_stats: 0.

CodeHeap 'non-profiled nmethods': size=120064Kb used=986Kb max_used=986Kb free=119077Kb
 bounds [0x0000025f1c640000, 0x0000025f1c8b0000, 0x0000025f23b80000]
CodeHeap 'profiled nmethods': size=120000Kb used=3575Kb max_used=3575Kb free=116424Kb
 bounds [0x0000025f14b80000, 0x0000025f14f00000, 0x0000025f1c0b0000]
CodeHeap 'non-nmethods': size=5696Kb used=1991Kb max_used=2000Kb free=3704Kb
 bounds [0x0000025f1c0b0000, 0x0000025f1c320000, 0x0000025f1c640000]
CodeCache: size=245760Kb, used=6552Kb, max_used=6561Kb, free=239205Kb
 total_blobs=3525, nmethods=2692, adapters=738, full_count=0
Compilation: enabled, stopped_count=0, restarted_count=0

Compilation events (20 events):
Event: 2.932 Thread 0x0000025f290b8bc0 nmethod 2637 0x0000025f14eec308 code [0x0000025f14eec420, 0x0000025f14eec5f0]
Event: 2.932 Thread 0x0000025f290b8bc0 2638       3       java.util.regex.Pattern::next (33 bytes)
Event: 2.932 Thread 0x0000025f290b8bc0 nmethod 2638 0x0000025f14eec688 code [0x0000025f14eec7c0, 0x0000025f14eeca10]
Event: 2.956 Thread 0x0000025f290b8bc0 2639       3       java.lang.Module::canRead (86 bytes)
Event: 2.958 Thread 0x0000025f290b8bc0 nmethod 2639 0x0000025f14eeca88 code [0x0000025f14eecde0, 0x0000025f14eee7d8]
Event: 2.960 Thread 0x0000025f290b8bc0 2640       3       java.util.regex.Pattern$$Lambda/0x0000025f2b063f08::is (5 bytes)
Event: 2.961 Thread 0x0000025f290b8bc0 nmethod 2640 0x0000025f14eee888 code [0x0000025f14eee9a0, 0x0000025f14eeebe8]
Event: 2.961 Thread 0x0000025f290b8bc0 2641       3       java.util.regex.Pattern::lambda$DOT$11 (34 bytes)
Event: 2.961 Thread 0x0000025f290b8bc0 nmethod 2641 0x0000025f14eeec08 code [0x0000025f14eeed20, 0x0000025f14eeeee8]
Event: 3.002 Thread 0x0000025f290b8bc0 2642       3       java.util.jar.JarFile::getJarEntry (9 bytes)
Event: 3.002 Thread 0x0000025f290b8bc0 nmethod 2642 0x0000025f14eeef08 code [0x0000025f14eef040, 0x0000025f14eef2d8]
Event: 3.003 Thread 0x0000025f7567e930 2643 %     4       java.util.Properties$LineReader::readLine @ 53 (584 bytes)
Event: 3.010 Thread 0x0000025f290b8bc0 2645       3       java.util.concurrent.ConcurrentHashMap$EntryIterator::next (5 bytes)
Event: 3.010 Thread 0x0000025f290b8bc0 nmethod 2645 0x0000025f14eef308 code [0x0000025f14eef420, 0x0000025f14eef558]
Event: 3.010 Thread 0x0000025f290b8bc0 2647       3       java.util.concurrent.ConcurrentHashMap$MapEntry::<init> (20 bytes)
Event: 3.011 Thread 0x0000025f290b8bc0 nmethod 2647 0x0000025f14eef608 code [0x0000025f14eef720, 0x0000025f14eef9a0]
Event: 3.011 Thread 0x0000025f290b8bc0 2646       3       java.util.concurrent.ConcurrentHashMap$EntryIterator::next (51 bytes)
Event: 3.011 Thread 0x0000025f290b8bc0 nmethod 2646 0x0000025f14eefa08 code [0x0000025f14eefb60, 0x0000025f14ef0070]
Event: 3.027 Thread 0x0000025f290b8bc0 2648       3       java.lang.Long::hashCode (8 bytes)
Event: 3.027 Thread 0x0000025f290b8bc0 nmethod 2648 0x0000025f14ef0108 code [0x0000025f14ef0220, 0x0000025f14ef0318]

GC Heap History (4 events):
Event: 1.185 GC heap before
{Heap before GC invocations=0 (full 0):
 garbage-first heap   total reserved 2027520K, committed 126976K, used 23552K [0x0000000084400000, 0x0000000100000000)
  region size 1024K, 24 young (24576K), 0 survivors (0K)
 Metaspace       used 7097K, committed 7360K, reserved 1114112K
  class space    used 821K, committed 960K, reserved 1048576K
}
Event: 1.201 GC heap after
{Heap after GC invocations=1 (full 0):
 garbage-first heap   total reserved 2027520K, committed 126976K, used 4982K [0x0000000084400000, 0x0000000100000000)
  region size 1024K, 3 young (3072K), 3 survivors (3072K)
 Metaspace       used 7097K, committed 7360K, reserved 1114112K
  class space    used 821K, committed 960K, reserved 1048576K
}
Event: 2.049 GC heap before
{Heap before GC invocations=1 (full 0):
 garbage-first heap   total reserved 2027520K, committed 126976K, used 31606K [0x0000000084400000, 0x0000000100000000)
  region size 1024K, 25 young (25600K), 3 survivors (3072K)
 Metaspace       used 13267K, committed 13632K, reserved 1114112K
  class space    used 1659K, committed 1856K, reserved 1048576K
}
Event: 2.054 GC heap after
{Heap after GC invocations=2 (full 0):
 garbage-first heap   total reserved 2027520K, committed 126976K, used 12789K [0x0000000084400000, 0x0000000100000000)
  region size 1024K, 3 young (3072K), 3 survivors (3072K)
 Metaspace       used 13267K, committed 13632K, reserved 1114112K
  class space    used 1659K, committed 1856K, reserved 1048576K
}

Dll operation events (20 events):
Event: 1.271 Loaded shared library C:\Users\Quang\.openjfx\cache\17.0.6\api-ms-win-crt-locale-l1-1-0.dll
Event: 1.277 Loaded shared library C:\Users\Quang\.openjfx\cache\17.0.6\api-ms-win-crt-math-l1-1-0.dll
Event: 1.282 Loaded shared library C:\Users\Quang\.openjfx\cache\17.0.6\api-ms-win-crt-multibyte-l1-1-0.dll
Event: 1.288 Loaded shared library C:\Users\Quang\.openjfx\cache\17.0.6\api-ms-win-crt-private-l1-1-0.dll
Event: 1.295 Loaded shared library C:\Users\Quang\.openjfx\cache\17.0.6\api-ms-win-crt-process-l1-1-0.dll
Event: 1.299 Loaded shared library C:\Users\Quang\.openjfx\cache\17.0.6\api-ms-win-crt-runtime-l1-1-0.dll
Event: 1.308 Loaded shared library C:\Users\Quang\.openjfx\cache\17.0.6\api-ms-win-crt-stdio-l1-1-0.dll
Event: 1.314 Loaded shared library C:\Users\Quang\.openjfx\cache\17.0.6\api-ms-win-crt-string-l1-1-0.dll
Event: 1.318 Loaded shared library C:\Users\Quang\.openjfx\cache\17.0.6\api-ms-win-crt-time-l1-1-0.dll
Event: 1.324 Loaded shared library C:\Users\Quang\.openjfx\cache\17.0.6\api-ms-win-crt-utility-l1-1-0.dll
Event: 1.345 Loaded shared library C:\Users\Quang\.openjfx\cache\17.0.6\ucrtbase.dll
Event: 1.351 Loaded shared library C:\Users\Quang\.openjfx\cache\17.0.6\vcruntime140.dll
Event: 1.356 Loaded shared library C:\Users\Quang\.openjfx\cache\17.0.6\vcruntime140_1.dll
Event: 1.370 Loaded shared library C:\Users\Quang\.openjfx\cache\17.0.6\msvcp140.dll
Event: 1.375 Loaded shared library C:\Users\Quang\.openjfx\cache\17.0.6\msvcp140_1.dll
Event: 1.384 Loaded shared library C:\Users\Quang\.openjfx\cache\17.0.6\msvcp140_2.dll
Event: 1.469 Loaded shared library C:\Users\Quang\.openjfx\cache\17.0.6\prism_d3d.dll
Event: 1.566 Loaded shared library C:\Users\Quang\.openjfx\cache\17.0.6\glass.dll
Event: 2.164 Loaded shared library C:\Users\Quang\.openjfx\cache\17.0.6\javafx_font.dll
Event: 2.367 Loaded shared library C:\Program Files\Java\jdk-23\bin\prefs.dll

Deoptimization events (20 events):
Event: 2.598 Thread 0x0000025f6f77fa70 Uncommon trap: trap_request=0xffffff45 fr.pc=0x0000025f1c689368 relative=0x00000000000001e8
Event: 2.598 Thread 0x0000025f6f77fa70 Uncommon trap: reason=unstable_if action=reinterpret pc=0x0000025f1c689368 method=java.lang.StringUTF16.compress([CI[BII)I @ 20 c2
Event: 2.598 Thread 0x0000025f6f77fa70 DEOPT PACKING pc=0x0000025f1c689368 sp=0x000000c46aefc8e0
Event: 2.598 Thread 0x0000025f6f77fa70 DEOPT UNPACKING pc=0x0000025f1c107982 sp=0x000000c46aefc850 mode 2
Event: 2.633 Thread 0x0000025f6f77fa70 Uncommon trap: trap_request=0xffffffde fr.pc=0x0000025f1c654218 relative=0x0000000000000198
Event: 2.633 Thread 0x0000025f6f77fa70 Uncommon trap: reason=class_check action=maybe_recompile pc=0x0000025f1c654218 method=java.lang.String.equals(Ljava/lang/Object;)Z @ 8 c2
Event: 2.633 Thread 0x0000025f6f77fa70 DEOPT PACKING pc=0x0000025f1c654218 sp=0x000000c46aefd000
Event: 2.633 Thread 0x0000025f6f77fa70 DEOPT UNPACKING pc=0x0000025f1c107982 sp=0x000000c46aefcf98 mode 2
Event: 2.819 Thread 0x0000025f6f77fa70 Uncommon trap: trap_request=0xffffff45 fr.pc=0x0000025f1c6fbd80 relative=0x00000000000001e0
Event: 2.819 Thread 0x0000025f6f77fa70 Uncommon trap: reason=unstable_if action=reinterpret pc=0x0000025f1c6fbd80 method=java.io.ByteArrayInputStream.read()I @ 8 c2
Event: 2.819 Thread 0x0000025f6f77fa70 DEOPT PACKING pc=0x0000025f1c6fbd80 sp=0x000000c46aefbb20
Event: 2.819 Thread 0x0000025f6f77fa70 DEOPT UNPACKING pc=0x0000025f1c107982 sp=0x000000c46aefbac8 mode 2
Event: 2.860 Thread 0x0000025f6f77fa70 Uncommon trap: trap_request=0xffffff45 fr.pc=0x0000025f1c71a7f8 relative=0x0000000000000178
Event: 2.860 Thread 0x0000025f6f77fa70 Uncommon trap: reason=unstable_if action=reinterpret pc=0x0000025f1c71a7f8 method=java.lang.String.equals(Ljava/lang/Object;)Z @ 33 c2
Event: 2.860 Thread 0x0000025f6f77fa70 DEOPT PACKING pc=0x0000025f1c71a7f8 sp=0x000000c46aefdfe0
Event: 2.860 Thread 0x0000025f6f77fa70 DEOPT UNPACKING pc=0x0000025f1c107982 sp=0x000000c46aefdf70 mode 2
Event: 2.881 Thread 0x0000025f6f77fa70 Uncommon trap: trap_request=0xffffffde fr.pc=0x0000025f1c6e4728 relative=0x0000000000000088
Event: 2.881 Thread 0x0000025f6f77fa70 Uncommon trap: reason=class_check action=maybe_recompile pc=0x0000025f1c6e4728 method=java.util.HashSet.add(Ljava/lang/Object;)Z @ 8 c2
Event: 2.881 Thread 0x0000025f6f77fa70 DEOPT PACKING pc=0x0000025f1c6e4728 sp=0x000000c46aefde00
Event: 2.881 Thread 0x0000025f6f77fa70 DEOPT UNPACKING pc=0x0000025f1c107982 sp=0x000000c46aefdd90 mode 2

Classes loaded (20 events):
Event: 2.859 Loading class java/util/WeakHashMap$EntryIterator
Event: 2.859 Loading class java/util/WeakHashMap$EntryIterator done
Event: 2.861 Loading class java/util/ConcurrentModificationException
Event: 2.861 Loading class java/util/ConcurrentModificationException done
Event: 2.876 Loading class java/util/concurrent/Executors$AutoShutdownDelegatedExecutorService
Event: 2.877 Loading class java/util/concurrent/Executors$DelegatedExecutorService
Event: 2.877 Loading class java/util/concurrent/Executors$DelegatedExecutorService done
Event: 2.877 Loading class java/util/concurrent/Executors$AutoShutdownDelegatedExecutorService done
Event: 2.884 Loading class javax/naming/NamingException
Event: 2.885 Loading class javax/naming/NamingException done
Event: 2.931 Loading class java/util/regex/Pattern$Neg
Event: 2.932 Loading class java/util/regex/Pattern$Neg done
Event: 2.936 Loading class java/net/URLDecoder
Event: 2.937 Loading class java/net/URLDecoder done
Event: 3.000 Loading class java/io/StringWriter
Event: 3.000 Loading class java/io/StringWriter done
Event: 3.001 Loading class java/util/MissingResourceException
Event: 3.001 Loading class java/util/MissingResourceException done
Event: 3.013 Loading class java/math/MathContext
Event: 3.024 Loading class java/math/MathContext done

Classes unloaded (0 events):
No events

Classes redefined (0 events):
No events

Internal exceptions (20 events):
Event: 2.096 Thread 0x0000025f6f77fa70 Exception <a 'java/lang/NoSuchMethodError'{0x000000008be5af90}: 'void java.lang.invoke.DelegatingMethodHandle$Holder.reinvoke_L(java.lang.Object, java.lang.Object, double)'> (0x000000008be5af90) 
thrown [s\open\src\hotspot\share\interpreter\linkResolver.cpp, line 796]
Event: 2.103 Thread 0x0000025f6f77fa70 Exception <a 'java/lang/NoSuchMethodError'{0x000000008beacfa8}: 'void java.lang.invoke.DirectMethodHandle$Holder.invokeSpecial(java.lang.Object, java.lang.Object, int)'> (0x000000008beacfa8) 
thrown [s\open\src\hotspot\share\interpreter\linkResolver.cpp, line 796]
Event: 2.104 Thread 0x0000025f6f77fa70 Exception <a 'java/lang/NoSuchMethodError'{0x000000008beb3dd8}: 'void java.lang.invoke.DelegatingMethodHandle$Holder.reinvoke_L(java.lang.Object, java.lang.Object, int)'> (0x000000008beb3dd8) 
thrown [s\open\src\hotspot\share\interpreter\linkResolver.cpp, line 796]
Event: 2.129 Thread 0x0000025f6f77fa70 Exception <a 'java/lang/ClassNotFoundException'{0x000000008bd6f860}: com/sun/glass/ui/win/themes> (0x000000008bd6f860) 
thrown [s\open\src\hotspot\share\prims\jni.cpp, line 539]
Event: 2.131 Thread 0x0000025f6f77fa70 Exception <a 'java/lang/ClassNotFoundException'{0x000000008bd7b1e8}: com/sun/glass/ui/win/themes_vi> (0x000000008bd7b1e8) 
thrown [s\open\src\hotspot\share\prims\jni.cpp, line 539]
Event: 2.131 Thread 0x0000025f6f77fa70 Exception <a 'java/lang/ClassNotFoundException'{0x000000008bd7c008}: com/sun/glass/ui/win/themes_vi_VN> (0x000000008bd7c008) 
thrown [s\open\src\hotspot\share\prims\jni.cpp, line 539]
Event: 2.283 Thread 0x0000025f6f77fa70 Exception <a 'java/lang/NoSuchMethodError'{0x000000008b6ddbb8}: 'java.lang.Object java.lang.invoke.DelegatingMethodHandle$Holder.reinvoke_L(java.lang.Object, double, double, double, double)'> (0x000000008b6ddbb8) 
thrown [s\open\src\hotspot\share\interpreter\linkResolver.cpp, line 796]
Event: 2.284 Thread 0x0000025f6f77fa70 Exception <a 'java/lang/NoSuchMethodError'{0x000000008b6e89d8}: 'java.lang.Object java.lang.invoke.DirectMethodHandle$Holder.invokeStatic(java.lang.Object, java.lang.Object, int)'> (0x000000008b6e89d8) 
thrown [s\open\src\hotspot\share\interpreter\linkResolver.cpp, line 796]
Event: 2.285 Thread 0x0000025f6f77fa70 Exception <a 'java/lang/NoSuchMethodError'{0x000000008b6ecf68}: 'void java.lang.invoke.DirectMethodHandle$Holder.invokeStatic(java.lang.Object, java.lang.Object, int, java.lang.Object)'> (0x000000008b6ecf68) 
thrown [s\open\src\hotspot\share\interpreter\linkResolver.cpp, line 796]
Event: 2.285 Thread 0x0000025f6f77fa70 Exception <a 'java/lang/NoSuchMethodError'{0x000000008b6f3ac8}: 'void java.lang.invoke.DelegatingMethodHandle$Holder.delegate(java.lang.Object, java.lang.Object, int, java.lang.Object)'> (0x000000008b6f3ac8) 
thrown [s\open\src\hotspot\share\interpreter\linkResolver.cpp, line 796]
Event: 2.302 Thread 0x0000025f6f77fa70 Exception <a 'java/lang/NoSuchMethodError'{0x000000008b5a6af8}: 'void java.lang.invoke.Invokers$Holder.invokeExact_MT(java.lang.Object, java.lang.Object, java.lang.Object, java.lang.Object)'> (0x000000008b5a6af8) 
thrown [s\open\src\hotspot\share\interpreter\linkResolver.cpp, line 796]
Event: 2.362 Thread 0x0000025f6f77fa70 Exception <a 'sun/nio/fs/WindowsException'{0x000000008b4873f0}> (0x000000008b4873f0) 
thrown [s\open\src\hotspot\share\prims\jni.cpp, line 520]
Event: 2.616 Thread 0x0000025f6f77fa70 Exception <a 'java/lang/IncompatibleClassChangeError'{0x000000008abfe9d8}: Found class java.lang.Object, but interface was expected> (0x000000008abfe9d8) 
thrown [s\open\src\hotspot\share\interpreter\linkResolver.cpp, line 863]
Event: 2.675 Thread 0x0000025f6f77fa70 Exception <a 'java/lang/ClassNotFoundException'{0x000000008a668820}: com/sun/javafx/scene/control/skin/resources/controls> (0x000000008a668820) 
thrown [s\open\src\hotspot\share\prims\jni.cpp, line 539]
Event: 2.676 Thread 0x0000025f6f77fa70 Exception <a 'java/lang/ClassNotFoundException'{0x000000008a676590}: com/sun/javafx/scene/control/skin/resources/controls_vi> (0x000000008a676590) 
thrown [s\open\src\hotspot\share\prims\jni.cpp, line 539]
Event: 2.677 Thread 0x0000025f6f77fa70 Exception <a 'java/lang/ClassNotFoundException'{0x000000008a677538}: com/sun/javafx/scene/control/skin/resources/controls_vi_VN> (0x000000008a677538) 
thrown [s\open\src\hotspot\share\prims\jni.cpp, line 539]
Event: 2.722 Thread 0x0000025f6f77fa70 Exception <a 'java/lang/NoSuchMethodError'{0x000000008a3588d0}: 'void java.lang.invoke.DirectMethodHandle$Holder.invokeSpecial(java.lang.Object, java.lang.Object, java.lang.Object, java.lang.Object, java.lang.Object, java.lang.Object)'> (0x000000008a3588d0) 
thrown [s\open\src\hotspot\share\interpreter\linkResolver.cpp, line 796]
Event: 2.829 Thread 0x0000025f6f77fa70 Exception <a 'java/lang/NoSuchMethodError'{0x0000000089fec948}: 'int java.lang.invoke.DirectMethodHandle$Holder.invokeSpecial(java.lang.Object, java.lang.Object, int)'> (0x0000000089fec948) 
thrown [s\open\src\hotspot\share\interpreter\linkResolver.cpp, line 796]
Event: 2.854 Thread 0x0000025f6f77fa70 Exception <a 'java/lang/NoSuchMethodError'{0x0000000089e4c808}: 'java.lang.Object java.lang.invoke.DirectMethodHandle$Holder.newInvokeSpecial(java.lang.Object, java.lang.Object, int)'> (0x0000000089e4c808) 
thrown [s\open\src\hotspot\share\interpreter\linkResolver.cpp, line 796]
Event: 2.880 Thread 0x0000025f6f77fa70 Exception <a 'sun/nio/fs/WindowsException'{0x0000000089e997a0}> (0x0000000089e997a0) 
thrown [s\open\src\hotspot\share\prims\jni.cpp, line 520]

VM Operations (20 events):
Event: 0.634 Executing VM operation: HandshakeAllThreads (Deoptimize)
Event: 0.634 Executing VM operation: HandshakeAllThreads (Deoptimize) done
Event: 0.637 Executing VM operation: HandshakeAllThreads (Deoptimize)
Event: 0.637 Executing VM operation: HandshakeAllThreads (Deoptimize) done
Event: 1.185 Executing VM operation: G1CollectForAllocation (G1 Evacuation Pause)
Event: 1.201 Executing VM operation: G1CollectForAllocation (G1 Evacuation Pause) done
Event: 1.288 Executing VM operation: HandshakeAllThreads (Deoptimize)
Event: 1.288 Executing VM operation: HandshakeAllThreads (Deoptimize) done
Event: 1.556 Executing VM operation: HandshakeAllThreads (Deoptimize)
Event: 1.556 Executing VM operation: HandshakeAllThreads (Deoptimize) done
Event: 1.799 Executing VM operation: HandshakeAllThreads (Deoptimize)
Event: 1.800 Executing VM operation: HandshakeAllThreads (Deoptimize) done
Event: 2.049 Executing VM operation: G1CollectForAllocation (G1 Evacuation Pause)
Event: 2.054 Executing VM operation: G1CollectForAllocation (G1 Evacuation Pause) done
Event: 2.169 Executing VM operation: HandshakeAllThreads (Deoptimize)
Event: 2.169 Executing VM operation: HandshakeAllThreads (Deoptimize) done
Event: 2.886 Executing VM operation: HandshakeAllThreads (Deoptimize)
Event: 2.928 Executing VM operation: HandshakeAllThreads (Deoptimize) done
Event: 2.929 Executing VM operation: HandshakeAllThreads (Deoptimize)
Event: 2.929 Executing VM operation: HandshakeAllThreads (Deoptimize) done

Memory protections (0 events):
No events

Nmethod flushes (0 events):
No events

Events (20 events):
Event: 0.151 Thread 0x0000025f0a238ad0 Thread added: 0x0000025f291e6800
Event: 0.246 Thread 0x0000025f290b8bc0 Thread added: 0x0000025f292b3db0
Event: 0.249 Thread 0x0000025f290b8bc0 Thread added: 0x0000025f292b4c90
Event: 0.492 Thread 0x0000025f0a238ad0 Thread added: 0x0000025f2972c170
Event: 0.492 Thread 0x0000025f0a238ad0 Thread added: 0x0000025f2972c7e0
Event: 1.136 Thread 0x0000025f290b0540 Thread added: 0x0000025f6f607850
Event: 1.218 Thread 0x0000025f6f607850 Thread added: 0x0000025f29ab2300
Event: 1.269 Thread 0x0000025f29ab2300 Thread added: 0x0000025f6f555850
Event: 1.285 Thread 0x0000025f29ab2300 Thread added: 0x0000025f6f37ad50
Event: 1.448 Thread 0x0000025f0a238ad0 Thread added: 0x0000025f6f6e00a0
Event: 1.535 Thread 0x0000025f292b4c90 Thread exited: 0x0000025f292b4c90
Event: 1.536 Thread 0x0000025f292b3db0 Thread exited: 0x0000025f292b3db0
Event: 1.569 Thread 0x0000025f0a238ad0 Thread added: 0x0000025f6f74b620
Event: 1.572 Thread 0x0000025f0a238ad0 Thread added: 0x0000025f6f77fa70
Event: 1.683 Thread 0x0000025f0a238ad0 Thread added: 0x0000025f6f795690
Event: 1.687 Thread 0x0000025f6f792210 Thread added: 0x0000025f6f792210
Event: 1.987 Thread 0x0000025f290b8bc0 Thread added: 0x0000025f70029560
Event: 2.352 Thread 0x0000025f290b8bc0 Thread added: 0x0000025f7567e930
Event: 2.606 Thread 0x0000025f6f77fa70 Thread added: 0x0000025f6f7928a0
Event: 2.879 Thread 0x0000025f6f77fa70 Thread added: 0x0000025f6f7935c0


Dynamic libraries:
0x00007ff6efe80000 - 0x00007ff6efe90000 	C:\Program Files\Java\jdk-23\bin\java.exe
0x00007ff9cd820000 - 0x00007ff9cda80000 	C:\WINDOWS\SYSTEM32\ntdll.dll
0x00007ff9cb660000 - 0x00007ff9cb727000 	C:\WINDOWS\System32\KERNEL32.DLL
0x00007ff9cad90000 - 0x00007ff9cb15a000 	C:\WINDOWS\System32\KERNELBASE.dll
0x00007ff9baf80000 - 0x00007ff9baf9b000 	C:\Program Files\Java\jdk-23\bin\VCRUNTIME140.dll
0x00007ff9b9f40000 - 0x00007ff9b9f57000 	C:\Program Files\Java\jdk-23\bin\jli.dll
0x00007ff9caac0000 - 0x00007ff9cac0b000 	C:\WINDOWS\System32\ucrtbase.dll
0x00007ff9cbcf0000 - 0x00007ff9cbebc000 	C:\WINDOWS\System32\USER32.dll
0x00007ff9acb80000 - 0x00007ff9ace17000 	C:\WINDOWS\WinSxS\amd64_microsoft.windows.common-controls_6595b64144ccf1df_6.0.26100.3624_none_3e086962e3345f24\COMCTL32.dll
0x00007ff9cacc0000 - 0x00007ff9cace7000 	C:\WINDOWS\System32\win32u.dll
0x00007ff9cd730000 - 0x00007ff9cd7d9000 	C:\WINDOWS\System32\msvcrt.dll
0x00007ff9cbff0000 - 0x00007ff9cc01a000 	C:\WINDOWS\System32\GDI32.dll
0x00007ff9cb160000 - 0x00007ff9cb291000 	C:\WINDOWS\System32\gdi32full.dll
0x00007ff9cac10000 - 0x00007ff9cacb3000 	C:\WINDOWS\System32\msvcp_win.dll
0x00007ff9cb620000 - 0x00007ff9cb64f000 	C:\WINDOWS\System32\IMM32.DLL
0x00007ff9c4ec0000 - 0x00007ff9c4ecc000 	C:\Program Files\Java\jdk-23\bin\vcruntime140_1.dll
0x00007ff9b9da0000 - 0x00007ff9b9e2e000 	C:\Program Files\Java\jdk-23\bin\msvcp140.dll
0x00007ff915430000 - 0x00007ff91617f000 	C:\Program Files\Java\jdk-23\bin\server\jvm.dll
0x00007ff9cd550000 - 0x00007ff9cd602000 	C:\WINDOWS\System32\ADVAPI32.dll
0x00007ff9cd680000 - 0x00007ff9cd726000 	C:\WINDOWS\System32\sechost.dll
0x00007ff9cbed0000 - 0x00007ff9cbfe6000 	C:\WINDOWS\System32\RPCRT4.dll
0x00007ff9cc870000 - 0x00007ff9cc8e4000 	C:\WINDOWS\System32\WS2_32.dll
0x00007ff9c9670000 - 0x00007ff9c96ce000 	C:\WINDOWS\SYSTEM32\POWRPROF.dll
0x00007ff9c21c0000 - 0x00007ff9c21f6000 	C:\WINDOWS\SYSTEM32\WINMM.dll
0x00007ff9b5650000 - 0x00007ff9b565b000 	C:\WINDOWS\SYSTEM32\VERSION.dll
0x00007ff9c9650000 - 0x00007ff9c9664000 	C:\WINDOWS\SYSTEM32\UMPDC.dll
0x00007ff9c9930000 - 0x00007ff9c994a000 	C:\WINDOWS\SYSTEM32\kernel.appcore.dll
0x00007ff9b9f30000 - 0x00007ff9b9f3a000 	C:\Program Files\Java\jdk-23\bin\jimage.dll
0x00007ff9ace20000 - 0x00007ff9ad061000 	C:\WINDOWS\SYSTEM32\DBGHELP.DLL
0x00007ff9cc340000 - 0x00007ff9cc6c2000 	C:\WINDOWS\System32\combase.dll
0x00007ff9cc260000 - 0x00007ff9cc336000 	C:\WINDOWS\System32\OLEAUT32.dll
0x00007ff998160000 - 0x00007ff998199000 	C:\WINDOWS\SYSTEM32\dbgcore.DLL
0x00007ff9cacf0000 - 0x00007ff9cad89000 	C:\WINDOWS\System32\bcryptPrimitives.dll
0x00007ff9b9f00000 - 0x00007ff9b9f0f000 	C:\Program Files\Java\jdk-23\bin\instrument.dll
0x00007ff9b9f10000 - 0x00007ff9b9f2e000 	C:\Program Files\Java\jdk-23\bin\java.dll
0x00007ff9cc6d0000 - 0x00007ff9cc866000 	C:\WINDOWS\System32\ole32.dll
0x00007ff9cc8f0000 - 0x00007ff9cd019000 	C:\WINDOWS\System32\SHELL32.dll
0x00007ff9cb330000 - 0x00007ff9cb498000 	C:\WINDOWS\System32\wintypes.dll
0x00007ff9c86a0000 - 0x00007ff9c8ef2000 	C:\WINDOWS\SYSTEM32\windows.storage.dll
0x00007ff9cc020000 - 0x00007ff9cc10d000 	C:\WINDOWS\System32\SHCORE.dll
0x00007ff9cd610000 - 0x00007ff9cd674000 	C:\WINDOWS\System32\shlwapi.dll
0x00007ff9ca910000 - 0x00007ff9ca93f000 	C:\WINDOWS\SYSTEM32\profapi.dll
0x00007ff9b9cc0000 - 0x00007ff9b9d97000 	C:\Program Files\Java\jdk-23\bin\jsvml.dll
0x00007ff9b9ee0000 - 0x00007ff9b9ef0000 	C:\Program Files\Java\jdk-23\bin\net.dll
0x00007ff9c9e50000 - 0x00007ff9c9eba000 	C:\WINDOWS\system32\mswsock.dll
0x00007ff9b9ca0000 - 0x00007ff9b9cb6000 	C:\Program Files\Java\jdk-23\bin\nio.dll
0x00007ff9b9c80000 - 0x00007ff9b9c97000 	C:\Program Files\Java\jdk-23\bin\zip.dll
0x00007ff9b9c60000 - 0x00007ff9b9c7a000 	C:\Program Files\JetBrains\IntelliJ IDEA 2024.2.2\bin\breakgen64.dll
0x00007ff9c93a0000 - 0x00007ff9c94c5000 	C:\WINDOWS\SYSTEM32\DNSAPI.dll
0x00007ff9c92e0000 - 0x00007ff9c9313000 	C:\WINDOWS\SYSTEM32\IPHLPAPI.DLL
0x00007ff9cbec0000 - 0x00007ff9cbeca000 	C:\WINDOWS\System32\NSI.dll
0x00007ff9bb2d0000 - 0x00007ff9bb2db000 	C:\Windows\System32\rasadhlp.dll
0x00007ff9c3df0000 - 0x00007ff9c3e75000 	C:\WINDOWS\System32\fwpuclnt.dll
0x00007ff9b9ed0000 - 0x00007ff9b9eda000 	C:\Program Files\Java\jdk-23\bin\management.dll
0x00007ff9b9c50000 - 0x00007ff9b9c5b000 	C:\Program Files\Java\jdk-23\bin\management_ext.dll
0x00007ff9cb790000 - 0x00007ff9cb798000 	C:\WINDOWS\System32\PSAPI.DLL
0x0000025f29d20000 - 0x0000025f29d23000 	C:\Users\Quang\.openjfx\cache\17.0.6\api-ms-win-core-console-l1-1-0.dll
0x0000025f29d30000 - 0x0000025f29d33000 	C:\Users\Quang\.openjfx\cache\17.0.6\api-ms-win-core-console-l1-2-0.dll
0x0000025f29d40000 - 0x0000025f29d43000 	C:\Users\Quang\.openjfx\cache\17.0.6\api-ms-win-core-datetime-l1-1-0.dll
0x0000025f29d50000 - 0x0000025f29d53000 	C:\Users\Quang\.openjfx\cache\17.0.6\api-ms-win-core-debug-l1-1-0.dll
0x0000025f29d60000 - 0x0000025f29d63000 	C:\Users\Quang\.openjfx\cache\17.0.6\api-ms-win-core-errorhandling-l1-1-0.dll
0x00007ff9ca0f0000 - 0x00007ff9ca10c000 	C:\WINDOWS\SYSTEM32\CRYPTSP.dll
0x00007ff9c9890000 - 0x00007ff9c98ca000 	C:\WINDOWS\system32\rsaenh.dll
0x00007ff9c9ef0000 - 0x00007ff9c9f1b000 	C:\WINDOWS\SYSTEM32\USERENV.dll
0x00007ff9ca8e0000 - 0x00007ff9ca906000 	C:\WINDOWS\SYSTEM32\bcrypt.dll
0x00007ff9ca110000 - 0x00007ff9ca11c000 	C:\WINDOWS\SYSTEM32\CRYPTBASE.dll
0x0000025f29d90000 - 0x0000025f29d94000 	C:\Users\Quang\.openjfx\cache\17.0.6\api-ms-win-core-file-l1-1-0.dll
0x0000025f29da0000 - 0x0000025f29da3000 	C:\Users\Quang\.openjfx\cache\17.0.6\api-ms-win-core-file-l1-2-0.dll
0x0000025f29db0000 - 0x0000025f29db3000 	C:\Users\Quang\.openjfx\cache\17.0.6\api-ms-win-core-file-l2-1-0.dll
0x0000025f29dc0000 - 0x0000025f29dc3000 	C:\Users\Quang\.openjfx\cache\17.0.6\api-ms-win-core-handle-l1-1-0.dll
0x0000025f29dd0000 - 0x0000025f29dd3000 	C:\Users\Quang\.openjfx\cache\17.0.6\api-ms-win-core-heap-l1-1-0.dll
0x0000025f29de0000 - 0x0000025f29de3000 	C:\Users\Quang\.openjfx\cache\17.0.6\api-ms-win-core-interlocked-l1-1-0.dll
0x0000025f29df0000 - 0x0000025f29df3000 	C:\Users\Quang\.openjfx\cache\17.0.6\api-ms-win-core-libraryloader-l1-1-0.dll
0x0000025f29e00000 - 0x0000025f29e03000 	C:\Users\Quang\.openjfx\cache\17.0.6\api-ms-win-core-localization-l1-2-0.dll
0x00007ff993b80000 - 0x00007ff993b98000 	C:\WINDOWS\system32\napinsp.dll
0x00007ff993b60000 - 0x00007ff993b72000 	C:\WINDOWS\System32\winrnr.dll
0x00007ff993b20000 - 0x00007ff993b50000 	C:\WINDOWS\system32\nlansp_c.dll
0x00007ff9b6890000 - 0x00007ff9b68a6000 	C:\WINDOWS\system32\wshbth.dll
0x0000025f29e10000 - 0x0000025f29e13000 	C:\Users\Quang\.openjfx\cache\17.0.6\api-ms-win-core-memory-l1-1-0.dll
0x0000025f29e20000 - 0x0000025f29e23000 	C:\Users\Quang\.openjfx\cache\17.0.6\api-ms-win-core-namedpipe-l1-1-0.dll
0x0000025f29e30000 - 0x0000025f29e33000 	C:\Users\Quang\.openjfx\cache\17.0.6\api-ms-win-core-processenvironment-l1-1-0.dll
0x0000025f29e40000 - 0x0000025f29e43000 	C:\Users\Quang\.openjfx\cache\17.0.6\api-ms-win-core-processthreads-l1-1-0.dll
0x0000025f29e50000 - 0x0000025f29e53000 	C:\Users\Quang\.openjfx\cache\17.0.6\api-ms-win-core-processthreads-l1-1-1.dll
0x0000025f29e80000 - 0x0000025f29e83000 	C:\Users\Quang\.openjfx\cache\17.0.6\api-ms-win-core-profile-l1-1-0.dll
0x0000025f29e60000 - 0x0000025f29e63000 	C:\Users\Quang\.openjfx\cache\17.0.6\api-ms-win-core-rtlsupport-l1-1-0.dll
0x0000025f29e70000 - 0x0000025f29e73000 	C:\Users\Quang\.openjfx\cache\17.0.6\api-ms-win-core-string-l1-1-0.dll
0x0000025f29e90000 - 0x0000025f29e93000 	C:\Users\Quang\.openjfx\cache\17.0.6\api-ms-win-core-synch-l1-1-0.dll
0x0000025f29ea0000 - 0x0000025f29ea3000 	C:\Users\Quang\.openjfx\cache\17.0.6\api-ms-win-core-synch-l1-2-0.dll
0x0000025f29fb0000 - 0x0000025f29fb3000 	C:\Users\Quang\.openjfx\cache\17.0.6\api-ms-win-core-sysinfo-l1-1-0.dll
0x0000025f29fc0000 - 0x0000025f29fc3000 	C:\Users\Quang\.openjfx\cache\17.0.6\api-ms-win-core-timezone-l1-1-0.dll
0x0000025f29fd0000 - 0x0000025f29fd3000 	C:\Users\Quang\.openjfx\cache\17.0.6\api-ms-win-core-util-l1-1-0.dll
0x0000025f29fe0000 - 0x0000025f29fe3000 	C:\Users\Quang\.openjfx\cache\17.0.6\api-ms-win-crt-conio-l1-1-0.dll
0x0000025f29ff0000 - 0x0000025f29ff4000 	C:\Users\Quang\.openjfx\cache\17.0.6\api-ms-win-crt-convert-l1-1-0.dll
0x0000025f70310000 - 0x0000025f70313000 	C:\Users\Quang\.openjfx\cache\17.0.6\api-ms-win-crt-environment-l1-1-0.dll
0x0000025f70320000 - 0x0000025f70323000 	C:\Users\Quang\.openjfx\cache\17.0.6\api-ms-win-crt-filesystem-l1-1-0.dll
0x0000025f70330000 - 0x0000025f70333000 	C:\Users\Quang\.openjfx\cache\17.0.6\api-ms-win-crt-heap-l1-1-0.dll
0x0000025f70340000 - 0x0000025f70343000 	C:\Users\Quang\.openjfx\cache\17.0.6\api-ms-win-crt-locale-l1-1-0.dll
0x0000025f70350000 - 0x0000025f70355000 	C:\Users\Quang\.openjfx\cache\17.0.6\api-ms-win-crt-math-l1-1-0.dll
0x0000025f70360000 - 0x0000025f70365000 	C:\Users\Quang\.openjfx\cache\17.0.6\api-ms-win-crt-multibyte-l1-1-0.dll
0x0000025f70370000 - 0x0000025f70380000 	C:\Users\Quang\.openjfx\cache\17.0.6\api-ms-win-crt-private-l1-1-0.dll
0x0000025f70380000 - 0x0000025f70383000 	C:\Users\Quang\.openjfx\cache\17.0.6\api-ms-win-crt-process-l1-1-0.dll
0x0000025f70390000 - 0x0000025f70394000 	C:\Users\Quang\.openjfx\cache\17.0.6\api-ms-win-crt-runtime-l1-1-0.dll
0x0000025f703a0000 - 0x0000025f703a4000 	C:\Users\Quang\.openjfx\cache\17.0.6\api-ms-win-crt-stdio-l1-1-0.dll
0x0000025f703b0000 - 0x0000025f703b4000 	C:\Users\Quang\.openjfx\cache\17.0.6\api-ms-win-crt-string-l1-1-0.dll
0x0000025f703c0000 - 0x0000025f703c3000 	C:\Users\Quang\.openjfx\cache\17.0.6\api-ms-win-crt-time-l1-1-0.dll
0x0000025f703d0000 - 0x0000025f703d3000 	C:\Users\Quang\.openjfx\cache\17.0.6\api-ms-win-crt-utility-l1-1-0.dll
0x00007ff9b9ad0000 - 0x00007ff9b9bcc000 	C:\Users\Quang\.openjfx\cache\17.0.6\ucrtbase.dll
0x00007ff9ad280000 - 0x00007ff9ad2ce000 	C:\WINDOWS\SYSTEM32\pdh.dll
0x00007ff9b9c20000 - 0x00007ff9b9c3a000 	C:\Users\Quang\.openjfx\cache\17.0.6\vcruntime140.dll
0x00007ff9b9c10000 - 0x00007ff9b9c1c000 	C:\Users\Quang\.openjfx\cache\17.0.6\vcruntime140_1.dll
0x00007ff98e9f0000 - 0x00007ff98ea7d000 	C:\Users\Quang\.openjfx\cache\17.0.6\msvcp140.dll
0x00007ff9b9c00000 - 0x00007ff9b9c09000 	C:\Users\Quang\.openjfx\cache\17.0.6\msvcp140_1.dll
0x00007ff9b9aa0000 - 0x00007ff9b9acf000 	C:\Users\Quang\.openjfx\cache\17.0.6\msvcp140_2.dll
0x00007ff9b9a70000 - 0x00007ff9b9a9a000 	C:\Users\Quang\.openjfx\cache\17.0.6\prism_d3d.dll
0x00007ff98a710000 - 0x00007ff98a8bc000 	C:\WINDOWS\system32\d3d9.dll
0x00007ff9c7f50000 - 0x00007ff9c7f86000 	C:\WINDOWS\SYSTEM32\dwmapi.dll
0x00007ff9c7fb0000 - 0x00007ff9c7ff7000 	C:\WINDOWS\SYSTEM32\dxcore.dll
0x00007ff9c7bc0000 - 0x00007ff9c7c6e000 	C:\WINDOWS\system32\uxtheme.dll
0x00007ff977500000 - 0x00007ff97779f000 	C:\WINDOWS\System32\DriverStore\FileRepository\iigd_dch.inf_amd64_b03884da4eae8654\igdumdim64.dll
0x00007ff9117d0000 - 0x00007ff912e3c000 	C:\WINDOWS\System32\DriverStore\FileRepository\iigd_dch.inf_amd64_b03884da4eae8654\igd9dxva64.dll
0x00007ff9cb820000 - 0x00007ff9cbca6000 	C:\WINDOWS\System32\SETUPAPI.dll
0x00007ff9ca630000 - 0x00007ff9ca68f000 	C:\WINDOWS\SYSTEM32\cfgmgr32.dll
0x00007ff9ae250000 - 0x00007ff9b02be000 	C:\WINDOWS\System32\DriverStore\FileRepository\iigd_dch.inf_amd64_b03884da4eae8654\media_bin_64.dll
0x00007ff9c1b30000 - 0x00007ff9c20c0000 	C:\WINDOWS\System32\DriverStore\FileRepository\iigd_dch.inf_amd64_b03884da4eae8654\igdgmm64.dll
0x00007ff9c7ec0000 - 0x00007ff9c7f1e000 	C:\WINDOWS\SYSTEM32\directxdatabasehelper.dll
0x00007ff9b9a20000 - 0x00007ff9b9a62000 	C:\Users\Quang\.openjfx\cache\17.0.6\glass.dll
0x00007ff9cc110000 - 0x00007ff9cc204000 	C:\WINDOWS\System32\COMDLG32.dll
0x00007ff9cd290000 - 0x00007ff9cd3ed000 	C:\WINDOWS\System32\MSCTF.dll

dbghelp: loaded successfully - version: 4.0.5 - missing functions: none
symbol engine: initialized successfully - sym options: 0x614 - pdb path: .;C:\Program Files\Java\jdk-23\bin;C:\WINDOWS\SYSTEM32;C:\WINDOWS\WinSxS\amd64_microsoft.windows.common-controls_6595b64144ccf1df_6.0.26100.3624_none_3e086962e3345f24;C:\Program Files\Java\jdk-23\bin\server;C:\Program Files\JetBrains\IntelliJ IDEA 2024.2.2\bin;C:\Users\Quang\.openjfx\cache\17.0.6;C:\WINDOWS\System32\DriverStore\FileRepository\iigd_dch.inf_amd64_b03884da4eae8654;C:\Program Files\Common Files\Microsoft Shared\Ink

VM Arguments:
jvm_args: -Dprism.order=d3d -Dprism.text=t2k -Dprism.vsync=false -javaagent:C:\Program Files\JetBrains\IntelliJ IDEA 2024.2.2\lib\idea_rt.jar=50929:C:\Program Files\JetBrains\IntelliJ IDEA 2024.2.2\bin -Dfile.encoding=UTF-8 -Dsun.stdout.encoding=UTF-8 -Dsun.stderr.encoding=UTF-8 --module-path=C:\Users\Quang\.m2\repository\com\itextpdf\itextpdf\5.5.13.3\itextpdf-5.5.13.3.jar;C:\Users\Quang\.m2\repository\com\mysql\mysql-connector-j\8.0.33\mysql-connector-j-8.0.33.jar;C:\Users\Quang\.m2\repository\com\google\errorprone\error_prone_annotations\2.36.0\error_prone_annotations-2.36.0.jar;C:\Users\Quang\.m2\repository\com\google\code\gson\gson\2.12.1\gson-2.12.1.jar;C:\Users\Quang\.m2\repository\org\openjfx\javafx-controls\17.0.6\javafx-controls-17.0.6-win.jar;C:\Users\Quang\.m2\repository\org\openjfx\javafx-base\17.0.6\javafx-base-17.0.6-win.jar;C:\Users\Quang\.m2\repository\de\mkammerer\argon2-jvm-nolibs\2.12\argon2-jvm-nolibs-2.12.jar;C:\Users\Quang\.m2\repository\io\github\cdimascio\dotenv-java\3.2.0\dotenv-java-3.2.0.jar;C:\Users\Quang\.m2\repository\org\openjfx\javafx-graphics\17.0.6\javafx-graphics-17.0.6-win.jar;C:\Users\Quang\.m2\repository\net\java\dev\jna\jna\5.17.0\jna-5.17.0.jar;C:\Users\Quang\Downloads\QuanLyBanHang\target\classes;C:\Users\Quang\.m2\repository\org\openjfx\javafx-fxml\17.0.6\javafx-fxml-17.0.6-win.jar -Djdk.module.main=org.example.dientu99
java_command: org.example.dientu99/org.example.dientu99.main.Main
java_class_path (initial): C:\Users\Quang\.m2\repository\com\google\protobuf\protobuf-java\3.21.9\protobuf-java-3.21.9.jar;C:\Users\Quang\.m2\repository\org\openjfx\javafx-controls\17.0.6\javafx-controls-17.0.6.jar;C:\Users\Quang\.m2\repository\org\openjfx\javafx-graphics\17.0.6\javafx-graphics-17.0.6.jar;C:\Users\Quang\.m2\repository\org\openjfx\javafx-base\17.0.6\javafx-base-17.0.6.jar;C:\Users\Quang\.m2\repository\org\openjfx\javafx-fxml\17.0.6\javafx-fxml-17.0.6.jar;C:\Users\Quang\.m2\repository\at\favre\lib\bcrypt\0.10.2\bcrypt-0.10.2.jar;C:\Users\Quang\.m2\repository\at\favre\lib\bytes\1.5.0\bytes-1.5.0.jar;C:\Users\Quang\.m2\repository\de\mkammerer\argon2-jvm\2.12\argon2-jvm-2.12.jar
Launcher Type: SUN_STANDARD

[Global flags]
     intx CICompilerCount                          = 4                                         {product} {ergonomic}
     uint ConcGCThreads                            = 2                                         {product} {ergonomic}
     uint G1ConcRefinementThreads                  = 8                                         {product} {ergonomic}
   size_t G1HeapRegionSize                         = 1048576                                   {product} {ergonomic}
   size_t InitialHeapSize                          = 130023424                                 {product} {ergonomic}
   size_t MarkStackSize                            = 4194304                                   {product} {ergonomic}
   size_t MarkStackSizeMax                         = 536870912                                 {product} {ergonomic}
   size_t MaxHeapSize                              = 2076180480                                {product} {ergonomic}
   size_t MaxNewSize                               = 1245708288                                {product} {ergonomic}
   size_t MinHeapDeltaBytes                        = 1048576                                   {product} {ergonomic}
   size_t MinHeapSize                              = 8388608                                   {product} {ergonomic}
    uintx NonNMethodCodeHeapSize                   = 5832704                                {pd product} {ergonomic}
    uintx NonProfiledCodeHeapSize                  = 122945536                              {pd product} {ergonomic}
    uintx ProfiledCodeHeapSize                     = 122880000                              {pd product} {ergonomic}
    uintx ReservedCodeCacheSize                    = 251658240                              {pd product} {ergonomic}
     bool SegmentedCodeCache                       = true                                      {product} {ergonomic}
   size_t SoftMaxHeapSize                          = 2076180480                             {manageable} {ergonomic}
     bool UseCompressedOops                        = true                           {product lp64_product} {ergonomic}
     bool UseG1GC                                  = true                                      {product} {ergonomic}
     bool UseLargePagesIndividualAllocation        = false                                  {pd product} {ergonomic}

Logging:
Log output configuration:
 #0: stdout all=warning uptime,level,tags foldmultilines=false
 #1: stderr all=off uptime,level,tags foldmultilines=false

Environment Variables:
PATH=C:\Program Files\Common Files\Oracle\Java\javapath;C:\WINDOWS\system32;C:\WINDOWS;C:\WINDOWS\System32\Wbem;C:\WINDOWS\System32\WindowsPowerShell\v1.0\;C:\WINDOWS\System32\OpenSSH\;C:\Program Files (x86)\Microsoft SQL Server\160\Tools\Binn\;C:\Program Files\Microsoft SQL Server\160\Tools\Binn\;C:\Program Files\Microsoft SQL Server\Client SDK\ODBC\170\Tools\Binn\;C:\Program Files\Microsoft SQL Server\160\DTS\Binn\;C:\Program Files (x86)\Microsoft SQL Server\160\DTS\Binn\;C:\Program Files\Azure Data Studio\bin;C:\Program Files (x86)\php-8.3.3;C:\ProgramData\ComposerSetup\bin;C:\Program Files\dotnet\;C:\Program Files\Git\cmd;C:\mongosh-2.2.9-win32-x64\mongosh-2.2.9-win32-x64\bin;C:\Users\Quang\AppData\Roaming\nvm;C:\Program Files\nodejs;C:\Program Files\Docker\Docker\resources\bin;C:\Program Files\Git LFS;C:\Program Files\Cloudflare\Cloudflare WARP\;C:\Users\Quang\AppData\Local\Microsoft\WindowsApps;C:\Users\Quang\AppData\Local\Programs\Microsoft VS Code\bin;C:\Program Files\Azure Data Studio\bin;C:\Program Files (x86)\Dev-Cpp\MinGW64\bin;C:\Users\Quang\AppData\Roaming\Composer\vendor\bin;C:\Users\Quang\AppData\Roaming\npm;C:\Users\Quang\AppData\Local\GitHubDesktop\bin;C:\Users\Quang\AppData\Roaming\nvm;C:\Program Files\nodejs;C:\Program Files\JetBrains\IntelliJ IDEA 2024.2.2\bin;;C:\Users\Quang\.dotnet\tools
USERNAME=Quang
OS=Windows_NT
PROCESSOR_IDENTIFIER=Intel64 Family 6 Model 140 Stepping 1, GenuineIntel
TMP=C:\Users\Quang\AppData\Local\Temp
TEMP=C:\Users\Quang\AppData\Local\Temp




Periodic native trim disabled

---------------  S Y S T E M  ---------------

OS:
 Windows 11 , 64 bit Build 26100 (10.0.26100.3775)
OS uptime: 0 days 0:06 hours
Hyper-V role detected

CPU: total 8 (initial active 8) (4 cores per cpu, 2 threads per core) family 6 model 140 stepping 1 microcode 0x8a, cx8, cmov, fxsr, ht, mmx, 3dnowpref, sse, sse2, sse3, ssse3, sse4.1, sse4.2, popcnt, lzcnt, tsc, tscinvbit, avx, avx2, aes, erms, clmul, bmi1, bmi2, adx, avx512f, avx512dq, avx512cd, avx512bw, avx512vl, sha, fma, vzeroupper, avx512_vpopcntdq, avx512_vpclmulqdq, avx512_vaes, avx512_vnni, clflush, clflushopt, clwb, avx512_vbmi2, avx512_vbmi, hv, rdtscp, rdpid, fsrm, gfni, avx512_bitalg, f16c, cet_ibt, cet_ss, avx512_ifma
Processor Information for processor 0
  Max Mhz: 2419, Current Mhz: 2419, Mhz Limit: 2419
Processor Information for processor 1
  Max Mhz: 2419, Current Mhz: 2419, Mhz Limit: 2419
Processor Information for processor 2
  Max Mhz: 2419, Current Mhz: 2419, Mhz Limit: 2419
Processor Information for processor 3
  Max Mhz: 2419, Current Mhz: 1209, Mhz Limit: 2419
Processor Information for processor 4
  Max Mhz: 2419, Current Mhz: 2419, Mhz Limit: 2419
Processor Information for processor 5
  Max Mhz: 2419, Current Mhz: 2419, Mhz Limit: 2419
Processor Information for processor 6
  Max Mhz: 2419, Current Mhz: 2419, Mhz Limit: 2419
Processor Information for processor 7
  Max Mhz: 2419, Current Mhz: 1209, Mhz Limit: 2419

Memory: 4k page, system-wide physical 7915M (1242M free)
TotalPageFile size 32491M (AvailPageFile size 12M)
current process WorkingSet (physical memory assigned to process): 223M, peak: 225M
current process commit charge ("private bytes"): 336M, peak: 339M

vm_info: Java HotSpot(TM) 64-Bit Server VM (23+37-2369) for windows-amd64 JRE (23+37-2369), built on 2024-08-20T16:01:23Z with MS VC++ 17.6 (VS2022)

END.
